[2020-10-01 14:49:35] local.ERROR: View [login] not found. {"exception":"[object] (InvalidArgumentException(code: 0): View [login] not found. at /var/www/vhosts/webmediaindia.com/httpdocs/demo/amruta01/vendor/laravel/framework/src/Illuminate/View/FileViewFinder.php:137)
[stacktrace]
#0 /var/www/vhosts/webmediaindia.com/httpdocs/demo/amruta01/vendor/laravel/framework/src/Illuminate/View/FileViewFinder.php(79): Illuminate\\View\\FileViewFinder->findInPaths()
#1 /var/www/vhosts/webmediaindia.com/httpdocs/demo/amruta01/vendor/laravel/framework/src/Illuminate/View/Factory.php(138): Illuminate\\View\\FileViewFinder->find()
#2 /var/www/vhosts/webmediaindia.com/httpdocs/demo/amruta01/vendor/laravel/framework/src/Illuminate/Foundation/helpers.php(961): Illuminate\\View\\Factory->make()
#3 /var/www/vhosts/webmediaindia.com/httpdocs/demo/amruta01/app/Http/Controllers/AdminController.php(23): view()
#4 [internal function]: App\\Http\\Controllers\\AdminController->login()
#5 /var/www/vhosts/webmediaindia.com/httpdocs/demo/amruta01/vendor/laravel/framework/src/Illuminate/Routing/Controller.php(54): call_user_func_array()
#6 /var/www/vhosts/webmediaindia.com/httpdocs/demo/amruta01/vendor/laravel/framework/src/Illuminate/Routing/ControllerDispatcher.php(45): Illuminate\\Routing\\Controller->callAction()
#7 /var/www/vhosts/webmediaindia.com/httpdocs/demo/amruta01/vendor/laravel/framework/src/Illuminate/Routing/Route.php(239): Illuminate\\Routing\\ControllerDispatcher->dispatch()
#8 /var/www/vhosts/webmediaindia.com/httpdocs/demo/amruta01/vendor/laravel/framework/src/Illuminate/Routing/Route.php(196): Illuminate\\Routing\\Route->runController()
#9 /var/www/vhosts/webmediaindia.com/httpdocs/demo/amruta01/vendor/laravel/framework/src/Illuminate/Routing/Router.php(685): Illuminate\\Routing\\Route->run()
#10 /var/www/vhosts/webmediaindia.com/httpdocs/demo/amruta01/vendor/laravel/framework/src/Illuminate/Pipeline/Pipeline.php(128): Illuminate\\Routing\\Router->Illuminate\\Routing\\{closure}()
#11 /var/www/vhosts/webmediaindia.com/httpdocs/demo/amruta01/vendor/laravel/framework/src/Illuminate/Routing/Middleware/SubstituteBindings.php(41): Illuminate\\Pipeline\\Pipeline->Illuminate\\Pipeline\\{closure}()
#12 /var/www/vhosts/webmediaindia.com/httpdocs/demo/amruta01/vendor/laravel/framework/src/Illuminate/Pipeline/Pipeline.php(167): Illuminate\\Routing\\Middleware\\SubstituteBindings->handle()
#13 /var/www/vhosts/webmediaindia.com/httpdocs/demo/amruta01/vendor/laravel/framework/src/Illuminate/Foundation/Http/Middleware/VerifyCsrfToken.php(77): Illuminate\\Pipeline\\Pipeline->Illuminate\\Pipeline\\{closure}()
#14 /var/www/vhosts/webmediaindia.com/httpdocs/demo/amruta01/vendor/laravel/framework/src/Illuminate/Pipeline/Pipeline.php(167): Illuminate\\Foundation\\Http\\Middleware\\VerifyCsrfToken->handle()
#15 /var/www/vhosts/webmediaindia.com/httpdocs/demo/amruta01/vendor/laravel/framework/src/Illuminate/View/Middleware/ShareErrorsFromSession.php(49): Illuminate\\Pipeline\\Pipeline->Illuminate\\Pipeline\\{closure}()
#16 /var/www/vhosts/webmediaindia.com/httpdocs/demo/amruta01/vendor/laravel/framework/src/Illuminate/Pipeline/Pipeline.php(167): Illuminate\\View\\Middleware\\ShareErrorsFromSession->handle()
#17 /var/www/vhosts/webmediaindia.com/httpdocs/demo/amruta01/vendor/laravel/framework/src/Illuminate/Session/Middleware/StartSession.php(116): Illuminate\\Pipeline\\Pipeline->Illuminate\\Pipeline\\{closure}()
#18 /var/www/vhosts/webmediaindia.com/httpdocs/demo/amruta01/vendor/laravel/framework/src/Illuminate/Session/Middleware/StartSession.php(62): Illuminate\\Session\\Middleware\\StartSession->handleStatefulRequest()
#19 /var/www/vhosts/webmediaindia.com/httpdocs/demo/amruta01/vendor/laravel/framework/src/Illuminate/Pipeline/Pipeline.php(167): Illuminate\\Session\\Middleware\\StartSession->handle()
#20 /var/www/vhosts/webmediaindia.com/httpdocs/demo/amruta01/vendor/laravel/framework/src/Illuminate/Cookie/Middleware/AddQueuedCookiesToResponse.php(37): Illuminate\\Pipeline\\Pipeline->Illuminate\\Pipeline\\{closure}()
#21 /var/www/vhosts/webmediaindia.com/httpdocs/demo/amruta01/vendor/laravel/framework/src/Illuminate/Pipeline/Pipeline.php(167): Illuminate\\Cookie\\Middleware\\AddQueuedCookiesToResponse->handle()
#22 /var/www/vhosts/webmediaindia.com/httpdocs/demo/amruta01/vendor/laravel/framework/src/Illuminate/Cookie/Middleware/EncryptCookies.php(67): Illuminate\\Pipeline\\Pipeline->Illuminate\\Pipeline\\{closure}()
#23 /var/www/vhosts/webmediaindia.com/httpdocs/demo/amruta01/vendor/laravel/framework/src/Illuminate/Pipeline/Pipeline.php(167): Illuminate\\Cookie\\Middleware\\EncryptCookies->handle()
#24 /var/www/vhosts/webmediaindia.com/httpdocs/demo/amruta01/vendor/laravel/framework/src/Illuminate/Pipeline/Pipeline.php(103): Illuminate\\Pipeline\\Pipeline->Illuminate\\Pipeline\\{closure}()
#25 /var/www/vhosts/webmediaindia.com/httpdocs/demo/amruta01/vendor/laravel/framework/src/Illuminate/Routing/Router.php(687): Illuminate\\Pipeline\\Pipeline->then()
#26 /var/www/vhosts/webmediaindia.com/httpdocs/demo/amruta01/vendor/laravel/framework/src/Illuminate/Routing/Router.php(662): Illuminate\\Routing\\Router->runRouteWithinStack()
#27 /var/www/vhosts/webmediaindia.com/httpdocs/demo/amruta01/vendor/laravel/framework/src/Illuminate/Routing/Router.php(628): Illuminate\\Routing\\Router->runRoute()
#28 /var/www/vhosts/webmediaindia.com/httpdocs/demo/amruta01/vendor/laravel/framework/src/Illuminate/Routing/Router.php(617): Illuminate\\Routing\\Router->dispatchToRoute()
#29 /var/www/vhosts/webmediaindia.com/httpdocs/demo/amruta01/vendor/laravel/framework/src/Illuminate/Foundation/Http/Kernel.php(165): Illuminate\\Routing\\Router->dispatch()
#30 /var/www/vhosts/webmediaindia.com/httpdocs/demo/amruta01/vendor/laravel/framework/src/Illuminate/Pipeline/Pipeline.php(128): Illuminate\\Foundation\\Http\\Kernel->Illuminate\\Foundation\\Http\\{closure}()
#31 /var/www/vhosts/webmediaindia.com/httpdocs/demo/amruta01/vendor/laravel/framework/src/Illuminate/Foundation/Http/Middleware/TransformsRequest.php(21): Illuminate\\Pipeline\\Pipeline->Illuminate\\Pipeline\\{closure}()
#32 /var/www/vhosts/webmediaindia.com/httpdocs/demo/amruta01/vendor/laravel/framework/src/Illuminate/Pipeline/Pipeline.php(167): Illuminate\\Foundation\\Http\\Middleware\\TransformsRequest->handle()
#33 /var/www/vhosts/webmediaindia.com/httpdocs/demo/amruta01/vendor/laravel/framework/src/Illuminate/Foundation/Http/Middleware/TransformsRequest.php(21): Illuminate\\Pipeline\\Pipeline->Illuminate\\Pipeline\\{closure}()
#34 /var/www/vhosts/webmediaindia.com/httpdocs/demo/amruta01/vendor/laravel/framework/src/Illuminate/Pipeline/Pipeline.php(167): Illuminate\\Foundation\\Http\\Middleware\\TransformsRequest->handle()
#35 /var/www/vhosts/webmediaindia.com/httpdocs/demo/amruta01/vendor/laravel/framework/src/Illuminate/Foundation/Http/Middleware/ValidatePostSize.php(27): Illuminate\\Pipeline\\Pipeline->Illuminate\\Pipeline\\{closure}()
#36 /var/www/vhosts/webmediaindia.com/httpdocs/demo/amruta01/vendor/laravel/framework/src/Illuminate/Pipeline/Pipeline.php(167): Illuminate\\Foundation\\Http\\Middleware\\ValidatePostSize->handle()
#37 /var/www/vhosts/webmediaindia.com/httpdocs/demo/amruta01/vendor/laravel/framework/src/Illuminate/Foundation/Http/Middleware/CheckForMaintenanceMode.php(63): Illuminate\\Pipeline\\Pipeline->Illuminate\\Pipeline\\{closure}()
#38 /var/www/vhosts/webmediaindia.com/httpdocs/demo/amruta01/vendor/laravel/framework/src/Illuminate/Pipeline/Pipeline.php(167): Illuminate\\Foundation\\Http\\Middleware\\CheckForMaintenanceMode->handle()
#39 /var/www/vhosts/webmediaindia.com/httpdocs/demo/amruta01/vendor/fruitcake/laravel-cors/src/HandleCors.php(37): Illuminate\\Pipeline\\Pipeline->Illuminate\\Pipeline\\{closure}()
#40 /var/www/vhosts/webmediaindia.com/httpdocs/demo/amruta01/vendor/laravel/framework/src/Illuminate/Pipeline/Pipeline.php(167): Fruitcake\\Cors\\HandleCors->handle()
#41 /var/www/vhosts/webmediaindia.com/httpdocs/demo/amruta01/vendor/fideloper/proxy/src/TrustProxies.php(57): Illuminate\\Pipeline\\Pipeline->Illuminate\\Pipeline\\{closure}()
#42 /var/www/vhosts/webmediaindia.com/httpdocs/demo/amruta01/vendor/laravel/framework/src/Illuminate/Pipeline/Pipeline.php(167): Fideloper\\Proxy\\TrustProxies->handle()
#43 /var/www/vhosts/webmediaindia.com/httpdocs/demo/amruta01/vendor/laravel/framework/src/Illuminate/Pipeline/Pipeline.php(103): Illuminate\\Pipeline\\Pipeline->Illuminate\\Pipeline\\{closure}()
#44 /var/www/vhosts/webmediaindia.com/httpdocs/demo/amruta01/vendor/laravel/framework/src/Illuminate/Foundation/Http/Kernel.php(140): Illuminate\\Pipeline\\Pipeline->then()
#45 /var/www/vhosts/webmediaindia.com/httpdocs/demo/amruta01/vendor/laravel/framework/src/Illuminate/Foundation/Http/Kernel.php(109): Illuminate\\Foundation\\Http\\Kernel->sendRequestThroughRouter()
#46 /var/www/vhosts/webmediaindia.com/httpdocs/demo/amruta01/public/index.php(55): Illuminate\\Foundation\\Http\\Kernel->handle()
#47 /var/www/vhosts/webmediaindia.com/httpdocs/demo/amruta01/index.php(21): require_once('/var/www/vhosts...')
#48 {main}
"} 
[2020-10-01 14:49:35] local.ERROR: file_put_contents(C:\wamp64\www\amruta\storage\framework/sessions/xWWvhpxWpcykL1BljDU3ciS1JWNdFNccpIMKcx1f): failed to open stream: No such file or directory {"exception":"[object] (ErrorException(code: 0): file_put_contents(C:\\wamp64\\www\\amruta\\storage\\framework/sessions/xWWvhpxWpcykL1BljDU3ciS1JWNdFNccpIMKcx1f): failed to open stream: No such file or directory at /var/www/vhosts/webmediaindia.com/httpdocs/demo/amruta01/vendor/laravel/framework/src/Illuminate/Filesystem/Filesystem.php:135)
[stacktrace]
#0 [internal function]: Illuminate\\Foundation\\Bootstrap\\HandleExceptions->handleError()
#1 /var/www/vhosts/webmediaindia.com/httpdocs/demo/amruta01/vendor/laravel/framework/src/Illuminate/Filesystem/Filesystem.php(135): file_put_contents()
#2 /var/www/vhosts/webmediaindia.com/httpdocs/demo/amruta01/vendor/laravel/framework/src/Illuminate/Session/FileSessionHandler.php(83): Illuminate\\Filesystem\\Filesystem->put()
#3 /var/www/vhosts/webmediaindia.com/httpdocs/demo/amruta01/vendor/laravel/framework/src/Illuminate/Session/Store.php(129): Illuminate\\Session\\FileSessionHandler->write()
#4 /var/www/vhosts/webmediaindia.com/httpdocs/demo/amruta01/vendor/laravel/framework/src/Illuminate/Session/Middleware/StartSession.php(231): Illuminate\\Session\\Store->save()
#5 /var/www/vhosts/webmediaindia.com/httpdocs/demo/amruta01/vendor/laravel/framework/src/Illuminate/Session/Middleware/StartSession.php(125): Illuminate\\Session\\Middleware\\StartSession->saveSession()
#6 /var/www/vhosts/webmediaindia.com/httpdocs/demo/amruta01/vendor/laravel/framework/src/Illuminate/Session/Middleware/StartSession.php(62): Illuminate\\Session\\Middleware\\StartSession->handleStatefulRequest()
#7 /var/www/vhosts/webmediaindia.com/httpdocs/demo/amruta01/vendor/laravel/framework/src/Illuminate/Pipeline/Pipeline.php(167): Illuminate\\Session\\Middleware\\StartSession->handle()
#8 /var/www/vhosts/webmediaindia.com/httpdocs/demo/amruta01/vendor/laravel/framework/src/Illuminate/Cookie/Middleware/AddQueuedCookiesToResponse.php(37): Illuminate\\Pipeline\\Pipeline->Illuminate\\Pipeline\\{closure}()
#9 /var/www/vhosts/webmediaindia.com/httpdocs/demo/amruta01/vendor/laravel/framework/src/Illuminate/Pipeline/Pipeline.php(167): Illuminate\\Cookie\\Middleware\\AddQueuedCookiesToResponse->handle()
#10 /var/www/vhosts/webmediaindia.com/httpdocs/demo/amruta01/vendor/laravel/framework/src/Illuminate/Cookie/Middleware/EncryptCookies.php(67): Illuminate\\Pipeline\\Pipeline->Illuminate\\Pipeline\\{closure}()
#11 /var/www/vhosts/webmediaindia.com/httpdocs/demo/amruta01/vendor/laravel/framework/src/Illuminate/Pipeline/Pipeline.php(167): Illuminate\\Cookie\\Middleware\\EncryptCookies->handle()
#12 /var/www/vhosts/webmediaindia.com/httpdocs/demo/amruta01/vendor/laravel/framework/src/Illuminate/Pipeline/Pipeline.php(103): Illuminate\\Pipeline\\Pipeline->Illuminate\\Pipeline\\{closure}()
#13 /var/www/vhosts/webmediaindia.com/httpdocs/demo/amruta01/vendor/laravel/framework/src/Illuminate/Routing/Router.php(687): Illuminate\\Pipeline\\Pipeline->then()
#14 /var/www/vhosts/webmediaindia.com/httpdocs/demo/amruta01/vendor/laravel/framework/src/Illuminate/Routing/Router.php(662): Illuminate\\Routing\\Router->runRouteWithinStack()
#15 /var/www/vhosts/webmediaindia.com/httpdocs/demo/amruta01/vendor/laravel/framework/src/Illuminate/Routing/Router.php(628): Illuminate\\Routing\\Router->runRoute()
#16 /var/www/vhosts/webmediaindia.com/httpdocs/demo/amruta01/vendor/laravel/framework/src/Illuminate/Routing/Router.php(617): Illuminate\\Routing\\Router->dispatchToRoute()
#17 /var/www/vhosts/webmediaindia.com/httpdocs/demo/amruta01/vendor/laravel/framework/src/Illuminate/Foundation/Http/Kernel.php(165): Illuminate\\Routing\\Router->dispatch()
#18 /var/www/vhosts/webmediaindia.com/httpdocs/demo/amruta01/vendor/laravel/framework/src/Illuminate/Pipeline/Pipeline.php(128): Illuminate\\Foundation\\Http\\Kernel->Illuminate\\Foundation\\Http\\{closure}()
#19 /var/www/vhosts/webmediaindia.com/httpdocs/demo/amruta01/vendor/laravel/framework/src/Illuminate/Foundation/Http/Middleware/TransformsRequest.php(21): Illuminate\\Pipeline\\Pipeline->Illuminate\\Pipeline\\{closure}()
#20 /var/www/vhosts/webmediaindia.com/httpdocs/demo/amruta01/vendor/laravel/framework/src/Illuminate/Pipeline/Pipeline.php(167): Illuminate\\Foundation\\Http\\Middleware\\TransformsRequest->handle()
#21 /var/www/vhosts/webmediaindia.com/httpdocs/demo/amruta01/vendor/laravel/framework/src/Illuminate/Foundation/Http/Middleware/TransformsRequest.php(21): Illuminate\\Pipeline\\Pipeline->Illuminate\\Pipeline\\{closure}()
#22 /var/www/vhosts/webmediaindia.com/httpdocs/demo/amruta01/vendor/laravel/framework/src/Illuminate/Pipeline/Pipeline.php(167): Illuminate\\Foundation\\Http\\Middleware\\TransformsRequest->handle()
#23 /var/www/vhosts/webmediaindia.com/httpdocs/demo/amruta01/vendor/laravel/framework/src/Illuminate/Foundation/Http/Middleware/ValidatePostSize.php(27): Illuminate\\Pipeline\\Pipeline->Illuminate\\Pipeline\\{closure}()
#24 /var/www/vhosts/webmediaindia.com/httpdocs/demo/amruta01/vendor/laravel/framework/src/Illuminate/Pipeline/Pipeline.php(167): Illuminate\\Foundation\\Http\\Middleware\\ValidatePostSize->handle()
#25 /var/www/vhosts/webmediaindia.com/httpdocs/demo/amruta01/vendor/laravel/framework/src/Illuminate/Foundation/Http/Middleware/CheckForMaintenanceMode.php(63): Illuminate\\Pipeline\\Pipeline->Illuminate\\Pipeline\\{closure}()
#26 /var/www/vhosts/webmediaindia.com/httpdocs/demo/amruta01/vendor/laravel/framework/src/Illuminate/Pipeline/Pipeline.php(167): Illuminate\\Foundation\\Http\\Middleware\\CheckForMaintenanceMode->handle()
#27 /var/www/vhosts/webmediaindia.com/httpdocs/demo/amruta01/vendor/fruitcake/laravel-cors/src/HandleCors.php(37): Illuminate\\Pipeline\\Pipeline->Illuminate\\Pipeline\\{closure}()
#28 /var/www/vhosts/webmediaindia.com/httpdocs/demo/amruta01/vendor/laravel/framework/src/Illuminate/Pipeline/Pipeline.php(167): Fruitcake\\Cors\\HandleCors->handle()
#29 /var/www/vhosts/webmediaindia.com/httpdocs/demo/amruta01/vendor/fideloper/proxy/src/TrustProxies.php(57): Illuminate\\Pipeline\\Pipeline->Illuminate\\Pipeline\\{closure}()
#30 /var/www/vhosts/webmediaindia.com/httpdocs/demo/amruta01/vendor/laravel/framework/src/Illuminate/Pipeline/Pipeline.php(167): Fideloper\\Proxy\\TrustProxies->handle()
#31 /var/www/vhosts/webmediaindia.com/httpdocs/demo/amruta01/vendor/laravel/framework/src/Illuminate/Pipeline/Pipeline.php(103): Illuminate\\Pipeline\\Pipeline->Illuminate\\Pipeline\\{closure}()
#32 /var/www/vhosts/webmediaindia.com/httpdocs/demo/amruta01/vendor/laravel/framework/src/Illuminate/Foundation/Http/Kernel.php(140): Illuminate\\Pipeline\\Pipeline->then()
#33 /var/www/vhosts/webmediaindia.com/httpdocs/demo/amruta01/vendor/laravel/framework/src/Illuminate/Foundation/Http/Kernel.php(109): Illuminate\\Foundation\\Http\\Kernel->sendRequestThroughRouter()
#34 /var/www/vhosts/webmediaindia.com/httpdocs/demo/amruta01/public/index.php(55): Illuminate\\Foundation\\Http\\Kernel->handle()
#35 /var/www/vhosts/webmediaindia.com/httpdocs/demo/amruta01/index.php(21): require_once('/var/www/vhosts...')
#36 {main}
"} 
